<?xml version="1.0" encoding="UTF-8"?>
<testng-results ignored="0" total="2" passed="2" failed="0" skipped="0">
  <reporter-output>
  </reporter-output>
  <suite started-at="2024-05-01T14:36:25 IST" name="Suite" finished-at="2024-05-01T14:36:48 IST" duration-ms="23229">
    <groups>
      <group name="regression">
        <method signature="TC_001_AccountRegistrationPage.accountCreation()[pri:0, instance:testCases.TC_001_AccountRegistrationPage@9597028]" name="accountCreation" class="testCases.TC_001_AccountRegistrationPage"/>
      </group> <!-- regression -->
      <group name="sanity">
        <method signature="TC_002_LoginTest.verifyLogin()[pri:0, instance:testCases.TC_002_LoginTest@67c27493]" name="verifyLogin" class="testCases.TC_002_LoginTest"/>
      </group> <!-- sanity -->
      <group name="master">
        <method signature="TC_001_AccountRegistrationPage.accountCreation()[pri:0, instance:testCases.TC_001_AccountRegistrationPage@9597028]" name="accountCreation" class="testCases.TC_001_AccountRegistrationPage"/>
        <method signature="TC_002_LoginTest.verifyLogin()[pri:0, instance:testCases.TC_002_LoginTest@67c27493]" name="verifyLogin" class="testCases.TC_002_LoginTest"/>
      </group> <!-- master -->
    </groups>
    <test started-at="2024-05-01T14:36:25 IST" name="Test" finished-at="2024-05-01T14:36:48 IST" duration-ms="23229">
      <class name="testCases.TC_002_LoginTest">
        <test-method is-config="true" signature="luanchBrowser(java.lang.String,java.lang.String)[pri:0, instance:testCases.TC_002_LoginTest@67c27493]" started-at="2024-05-01T14:36:42 IST" name="luanchBrowser" finished-at="2024-05-01T14:36:46 IST" duration-ms="4261" status="PASS">
          <params>
            <param index="0">
              <value>
                <![CDATA[Windows]]>
              </value>
            </param>
            <param index="1">
              <value>
                <![CDATA[chrome]]>
              </value>
            </param>
          </params>
          <reporter-output>
          </reporter-output>
        </test-method> <!-- luanchBrowser -->
        <test-method signature="verifyLogin()[pri:0, instance:testCases.TC_002_LoginTest@67c27493]" started-at="2024-05-01T14:36:46 IST" name="verifyLogin" finished-at="2024-05-01T14:36:48 IST" duration-ms="1705" status="PASS">
          <reporter-output>
          </reporter-output>
        </test-method> <!-- verifyLogin -->
        <test-method is-config="true" signature="tearDown()[pri:0, instance:testCases.TC_002_LoginTest@67c27493]" started-at="2024-05-01T14:36:48 IST" name="tearDown" finished-at="2024-05-01T14:36:48 IST" duration-ms="389" status="PASS">
          <reporter-output>
          </reporter-output>
        </test-method> <!-- tearDown -->
      </class> <!-- testCases.TC_002_LoginTest -->
      <class name="testCases.TC_001_AccountRegistrationPage">
        <test-method is-config="true" signature="luanchBrowser(java.lang.String,java.lang.String)[pri:0, instance:testCases.TC_001_AccountRegistrationPage@9597028]" started-at="2024-05-01T14:36:25 IST" name="luanchBrowser" finished-at="2024-05-01T14:36:33 IST" duration-ms="7963" status="PASS">
          <params>
            <param index="0">
              <value>
                <![CDATA[Windows]]>
              </value>
            </param>
            <param index="1">
              <value>
                <![CDATA[chrome]]>
              </value>
            </param>
          </params>
          <reporter-output>
          </reporter-output>
        </test-method> <!-- luanchBrowser -->
        <test-method signature="accountCreation()[pri:0, instance:testCases.TC_001_AccountRegistrationPage@9597028]" started-at="2024-05-01T14:36:33 IST" name="accountCreation" finished-at="2024-05-01T14:36:41 IST" duration-ms="7932" status="PASS">
          <reporter-output>
          </reporter-output>
        </test-method> <!-- accountCreation -->
        <test-method is-config="true" signature="tearDown()[pri:0, instance:testCases.TC_001_AccountRegistrationPage@9597028]" started-at="2024-05-01T14:36:41 IST" name="tearDown" finished-at="2024-05-01T14:36:42 IST" duration-ms="351" status="PASS">
          <reporter-output>
          </reporter-output>
        </test-method> <!-- tearDown -->
      </class> <!-- testCases.TC_001_AccountRegistrationPage -->
    </test> <!-- Test -->
  </suite> <!-- Suite -->
</testng-results>
