<?xml version="1.0" encoding="UTF-8"?>
<testng-results ignored="0" total="2" passed="2" failed="0" skipped="0">
  <reporter-output>
  </reporter-output>
  <suite started-at="2024-05-01T13:22:58 IST" name="Suite" finished-at="2024-05-01T13:23:33 IST" duration-ms="34157">
    <groups>
      <group name="regression">
        <method signature="TC_001_AccountRegistrationPage.accountCreation()[pri:0, instance:testCases.TC_001_AccountRegistrationPage@15de0b3c]" name="accountCreation" class="testCases.TC_001_AccountRegistrationPage"/>
      </group> <!-- regression -->
      <group name="sanity">
        <method signature="TC_002_LoginTest.verifyLogin()[pri:0, instance:testCases.TC_002_LoginTest@3bf7ca37]" name="verifyLogin" class="testCases.TC_002_LoginTest"/>
      </group> <!-- sanity -->
      <group name="master">
        <method signature="TC_001_AccountRegistrationPage.accountCreation()[pri:0, instance:testCases.TC_001_AccountRegistrationPage@15de0b3c]" name="accountCreation" class="testCases.TC_001_AccountRegistrationPage"/>
        <method signature="TC_002_LoginTest.verifyLogin()[pri:0, instance:testCases.TC_002_LoginTest@3bf7ca37]" name="verifyLogin" class="testCases.TC_002_LoginTest"/>
      </group> <!-- master -->
    </groups>
    <test started-at="2024-05-01T13:22:58 IST" name="Test" finished-at="2024-05-01T13:23:33 IST" duration-ms="34157">
      <class name="testCases.TC_002_LoginTest">
        <test-method is-config="true" signature="luanchBrowser(java.lang.String,java.lang.String)[pri:0, instance:testCases.TC_002_LoginTest@3bf7ca37]" started-at="2024-05-01T13:23:22 IST" name="luanchBrowser" finished-at="2024-05-01T13:23:28 IST" duration-ms="6085" status="PASS">
          <params>
            <param index="0">
              <value>
                <![CDATA[Windows]]>
              </value>
            </param>
            <param index="1">
              <value>
                <![CDATA[chrome]]>
              </value>
            </param>
          </params>
          <reporter-output>
          </reporter-output>
        </test-method> <!-- luanchBrowser -->
        <test-method signature="verifyLogin()[pri:0, instance:testCases.TC_002_LoginTest@3bf7ca37]" started-at="2024-05-01T13:23:28 IST" name="verifyLogin" finished-at="2024-05-01T13:23:32 IST" duration-ms="3387" status="PASS">
          <reporter-output>
          </reporter-output>
        </test-method> <!-- verifyLogin -->
        <test-method is-config="true" signature="tearDown()[pri:0, instance:testCases.TC_002_LoginTest@3bf7ca37]" started-at="2024-05-01T13:23:32 IST" name="tearDown" finished-at="2024-05-01T13:23:33 IST" duration-ms="630" status="PASS">
          <reporter-output>
          </reporter-output>
        </test-method> <!-- tearDown -->
      </class> <!-- testCases.TC_002_LoginTest -->
      <class name="testCases.TC_001_AccountRegistrationPage">
        <test-method is-config="true" signature="luanchBrowser(java.lang.String,java.lang.String)[pri:0, instance:testCases.TC_001_AccountRegistrationPage@15de0b3c]" started-at="2024-05-01T13:22:59 IST" name="luanchBrowser" finished-at="2024-05-01T13:23:16 IST" duration-ms="16555" status="PASS">
          <params>
            <param index="0">
              <value>
                <![CDATA[Windows]]>
              </value>
            </param>
            <param index="1">
              <value>
                <![CDATA[chrome]]>
              </value>
            </param>
          </params>
          <reporter-output>
          </reporter-output>
        </test-method> <!-- luanchBrowser -->
        <test-method signature="accountCreation()[pri:0, instance:testCases.TC_001_AccountRegistrationPage@15de0b3c]" started-at="2024-05-01T13:23:16 IST" name="accountCreation" finished-at="2024-05-01T13:23:22 IST" duration-ms="6392" status="PASS">
          <reporter-output>
          </reporter-output>
        </test-method> <!-- accountCreation -->
        <test-method is-config="true" signature="tearDown()[pri:0, instance:testCases.TC_001_AccountRegistrationPage@15de0b3c]" started-at="2024-05-01T13:23:22 IST" name="tearDown" finished-at="2024-05-01T13:23:22 IST" duration-ms="428" status="PASS">
          <reporter-output>
          </reporter-output>
        </test-method> <!-- tearDown -->
      </class> <!-- testCases.TC_001_AccountRegistrationPage -->
    </test> <!-- Test -->
  </suite> <!-- Suite -->
</testng-results>
